<?xml version="1.0" encoding="UTF-8"?>
<testng-results skipped="0" failed="0" total="1" passed="1">
  <reporter-output>
    <line>
      <![CDATA[=====Browser Session Started=====]]>
    </line>
    <line>
      <![CDATA[=====Browser Session End=========]]>
    </line>
  </reporter-output>
  <suite name="ColliervilleExpo_Automation" duration-ms="28446" started-at="2016-12-28T11:14:59Z" finished-at="2016-12-28T11:15:27Z">
    <groups>
    </groups>
    <test name="ColliervilleExpo_Automation" duration-ms="28446" started-at="2016-12-28T11:14:59Z" finished-at="2016-12-28T11:15:27Z">
      <class name="com.cv.testscripts.TestSuite">
        <test-method status="PASS" signature="setUp(java.lang.String)[pri:0, instance:com.cv.testscripts.TestSuite@7a8c8dcf]" name="setUp" is-config="true" duration-ms="10910" started-at="2016-12-28T16:44:59Z" finished-at="2016-12-28T16:45:10Z">
          <params>
            <param index="0">
              <value>
                <![CDATA[chrome]]>
              </value>
            </param>
          </params>
          <reporter-output>
            <line>
              <![CDATA[=====Browser Session Started=====]]>
            </line>
          </reporter-output>
        </test-method> <!-- setUp -->
        <test-method status="PASS" signature="Login(com.cv.datainitialization.DataInt)[pri:0, instance:com.cv.testscripts.TestSuite@7a8c8dcf]" name="Login" duration-ms="8424" started-at="2016-12-28T16:45:10Z" description="Login" data-provider="getLogin" finished-at="2016-12-28T16:45:18Z">
          <params>
            <param index="0">
              <value>
                <![CDATA[com.cv.datainitialization.DataInt@f316aeb]]>
              </value>
            </param>
          </params>
          <reporter-output>
          </reporter-output>
        </test-method> <!-- Login -->
        <test-method status="PASS" signature="close()[pri:0, instance:com.cv.testscripts.TestSuite@7a8c8dcf]" name="close" is-config="true" duration-ms="9071" started-at="2016-12-28T16:45:18Z" finished-at="2016-12-28T16:45:27Z">
          <reporter-output>
            <line>
              <![CDATA[=====Browser Session End=========]]>
            </line>
          </reporter-output>
        </test-method> <!-- close -->
      </class> <!-- com.cv.testscripts.TestSuite -->
    </test> <!-- ColliervilleExpo_Automation -->
  </suite> <!-- ColliervilleExpo_Automation -->
</testng-results>
